<?xml version="1.0" encoding="UTF-8"?>
<testng-results ignored="0" total="1" passed="1" failed="0" skipped="0">
  <reporter-output>
  </reporter-output>
  <suite started-at="2023-04-18T11:02:18 TRT" name="Default suite" finished-at="2023-04-18T11:03:16 TRT" duration-ms="58112">
    <groups>
    </groups>
    <test started-at="2023-04-18T11:02:18 TRT" name="Default test" finished-at="2023-04-18T11:03:16 TRT" duration-ms="58112">
      <class name="mfa.smartremote_tc4">
        <test-method is-config="true" signature="ConfigureAppium()[pri:0, instance:mfa.smartremote_tc4@6dc17b83]" started-at="2023-04-18T11:02:18 TRT" name="ConfigureAppium" finished-at="2023-04-18T11:02:28 TRT" duration-ms="9894" status="PASS">
          <reporter-output>
          </reporter-output>
        </test-method> <!-- ConfigureAppium -->
        <test-method signature="FillForm()[pri:0, instance:mfa.smartremote_tc4@6dc17b83]" started-at="2023-04-18T11:02:28 TRT" name="FillForm" finished-at="2023-04-18T11:03:16 TRT" duration-ms="47634" status="PASS">
          <reporter-output>
          </reporter-output>
        </test-method> <!-- FillForm -->
        <test-method is-config="true" signature="tearDown()[pri:0, instance:mfa.smartremote_tc4@6dc17b83]" started-at="2023-04-18T11:03:16 TRT" name="tearDown" finished-at="2023-04-18T11:03:16 TRT" duration-ms="555" status="PASS">
          <reporter-output>
          </reporter-output>
        </test-method> <!-- tearDown -->
      </class> <!-- mfa.smartremote_tc4 -->
    </test> <!-- Default test -->
  </suite> <!-- Default suite -->
</testng-results>
